Train/live/032/032-1-1-1-1.mov 032
Train/live/032/032-1-1-1-2.mov 032
Train/live/032/032-1-1-2-1.mov 032
Train/live/032/032-1-1-2-2.mov 032
Train/live/032/032-2-1-1-1.mov 032
Train/live/032/032-2-1-1-2.mov 032
Train/live/032/032-2-1-2-1.mov 032
Train/live/032/032-2-1-2-2.mov 032
Train/live/033/033-1-1-1-1.mov 033
Train/live/033/033-1-1-1-2.mov 033
Train/live/033/033-1-1-2-1.mov 033
Train/live/033/033-1-1-2-2.mov 033
Train/live/033/033-2-1-1-1.mov 033
Train/live/033/033-2-1-1-2.mov 033
Train/live/033/033-2-1-2-1.mov 033
Train/live/033/033-2-1-2-2.mov 033
Train/live/034/034-1-1-1-1.mov 034
Train/live/034/034-1-1-1-2.mov 034
Train/live/034/034-1-1-2-1.mov 034
Train/live/034/034-1-1-2-2.mov 034
Train/live/034/034-2-1-1-1.mov 034
Train/live/034/034-2-1-1-2.mov 034
Train/live/034/034-2-1-2-1.mov 034
Train/live/034/034-2-1-2-2.mov 034
Train/live/035/035-1-1-1-1.mov 035
Train/live/035/035-1-1-1-2.mov 035
Train/live/035/035-1-1-2-1.mov 035
Train/live/035/035-1-1-2-2.mov 035
Train/live/035/035-2-1-1-1.mov 035
Train/live/035/035-2-1-1-2.mov 035
Train/live/035/035-2-1-2-1.mov 035
Train/live/035/035-2-1-2-2.mov 035
Train/live/038/038-1-1-1-1.mov 038
Train/live/038/038-1-1-1-2.mov 038
Train/live/038/038-1-1-2-1.mov 038
Train/live/038/038-1-1-2-2.mov 038
Train/live/038/038-2-1-1-1.mov 038
Train/live/038/038-2-1-1-2.mov 038
Train/live/038/038-2-1-2-1.mov 038
Train/live/038/038-2-1-2-2.mov 038
Train/live/040/040-1-1-1-1.mov 040
Train/live/040/040-1-1-1-2.mov 040
Train/live/040/040-1-1-2-1.mov 040
Train/live/040/040-1-1-2-2.mov 040
Train/live/040/040-2-1-1-1.mov 040
Train/live/040/040-2-1-1-2.mov 040
Train/live/040/040-2-1-2-1.mov 040
Train/live/040/040-2-1-2-2.mov 040
Train/live/041/041-1-1-1-1.mov 041
Train/live/041/041-1-1-1-2.mov 041
Train/live/041/041-1-1-2-1.mov 041
Train/live/041/041-1-1-2-2.mov 041
Train/live/041/041-2-1-1-1.mov 041
Train/live/041/041-2-1-1-2.mov 041
Train/live/041/041-2-1-2-1.mov 041
Train/live/041/041-2-1-2-2.mov 041
Train/live/042/042-1-1-1-1.mov 042
Train/live/042/042-1-1-1-2.mov 042
Train/live/042/042-1-1-2-1.mov 042
Train/live/042/042-1-1-2-2.mov 042
Train/live/042/042-2-1-1-1.mov 042
Train/live/042/042-2-1-1-2.mov 042
Train/live/042/042-2-1-2-1.mov 042
Train/live/042/042-2-1-2-2.mov 042
Train/live/045/045-1-1-1-1.mov 045
Train/live/045/045-1-1-1-2.mov 045
Train/live/045/045-1-1-2-1.mov 045
Train/live/045/045-1-1-2-2.mov 045
Train/live/045/045-2-1-1-1.mov 045
Train/live/045/045-2-1-1-2.mov 045
Train/live/045/045-2-1-2-1.mov 045
Train/live/045/045-2-1-2-2.mov 045
Train/live/046/046-1-1-1-1.mov 046
Train/live/046/046-1-1-1-2.mov 046
Train/live/046/046-1-1-2-1.mov 046
Train/live/046/046-1-1-2-2.mov 046
Train/live/046/046-2-1-1-1.mov 046
Train/live/046/046-2-1-1-2.mov 046
Train/live/046/046-2-1-2-1.mov 046
Train/live/046/046-2-1-2-2.mov 046
Train/live/047/047-1-1-1-1.mov 047
Train/live/047/047-1-1-1-2.mov 047
Train/live/047/047-1-1-2-1.mov 047
Train/live/047/047-1-1-2-2.mov 047
Train/live/047/047-2-1-1-1.mov 047
Train/live/047/047-2-1-1-2.mov 047
Train/live/047/047-2-1-2-1.mov 047
Train/live/047/047-2-1-2-2.mov 047
Train/live/051/051-1-1-1-1.mov 051
Train/live/051/051-1-1-1-2.mov 051
Train/live/051/051-1-1-2-1.mov 051
Train/live/051/051-1-1-2-2.mov 051
Train/live/051/051-2-1-1-1.mov 051
Train/live/051/051-2-1-1-2.mov 051
Train/live/051/051-2-1-2-1.mov 051
Train/live/051/051-2-1-2-2.mov 051
Train/live/054/054-1-1-1-1.mov 054
Train/live/054/054-1-1-1-2.mov 054
Train/live/054/054-1-1-2-1.mov 054
Train/live/054/054-1-1-2-2.mov 054
Train/live/054/054-2-1-1-1.mov 054
Train/live/054/054-2-1-1-2.mov 054
Train/live/054/054-2-1-2-1.mov 054
Train/live/054/054-2-1-2-2.mov 054
Train/live/055/055-1-1-1-1.mov 055
Train/live/055/055-1-1-1-2.mov 055
Train/live/055/055-1-1-2-1.mov 055
Train/live/055/055-1-1-2-2.mov 055
Train/live/055/055-2-1-1-1.mov 055
Train/live/055/055-2-1-1-2.mov 055
Train/live/055/055-2-1-2-1.mov 055
Train/live/055/055-2-1-2-2.mov 055
Train/live/056/056-1-1-1-1.mov 056
Train/live/056/056-1-1-1-2.mov 056
Train/live/056/056-1-1-2-1.mov 056
Train/live/056/056-1-1-2-2.mov 056
Train/live/056/056-2-1-1-1.mov 056
Train/live/056/056-2-1-1-2.mov 056
Train/live/056/056-2-1-2-1.mov 056
Train/live/056/056-2-1-2-2.mov 056
Train/live/058/058-1-1-1-1.mov 058
Train/live/058/058-1-1-1-2.mov 058
Train/live/058/058-1-1-2-1.mov 058
Train/live/058/058-1-1-2-2.mov 058
Train/live/058/058-2-1-1-1.mov 058
Train/live/058/058-2-1-1-2.mov 058
Train/live/058/058-2-1-2-1.mov 058
Train/live/058/058-2-1-2-2.mov 058
Train/live/060/060-1-1-1-1.mov 060
Train/live/060/060-1-1-1-2.mov 060
Train/live/060/060-1-1-2-1.mov 060
Train/live/060/060-1-1-2-2.mov 060
Train/live/060/060-2-1-1-1.mov 060
Train/live/060/060-2-1-1-2.mov 060
Train/live/060/060-2-1-2-1.mov 060
Train/live/060/060-2-1-2-2.mov 060
Train/live/062/062-1-1-1-1.mov 062
Train/live/062/062-2-1-1-1.mov 062
Train/live/062/062-2-1-1-2.mov 062
Train/live/062/062-2-1-2-1.mov 062
Train/live/063/063-1-1-1-1.mov 063
Train/live/063/063-1-1-1-2.mov 063
Train/live/063/063-1-1-2-1.mov 063
Train/live/063/063-1-1-2-2.mov 063
Train/live/063/063-2-1-1-1.mov 063
Train/live/063/063-2-1-1-2.mov 063
Train/live/063/063-2-1-2-1.mov 063
Train/live/063/063-2-1-2-2.mov 063
Train/live/068/068-1-1-1-1.mov 068
Train/live/068/068-1-1-1-2.mov 068
Train/live/068/068-1-1-2-1.mov 068
Train/live/068/068-1-1-2-2.mov 068
Train/live/068/068-2-1-1-1.mov 068
Train/live/068/068-2-1-1-2.mov 068
Train/live/068/068-2-1-2-1.mov 068
Train/live/068/068-2-1-2-2.mov 068
Train/live/069/069-1-1-1-1.mov 069
Train/live/069/069-1-1-1-2.mov 069
Train/live/069/069-1-1-2-1.mov 069
Train/live/069/069-1-1-2-2.mov 069
Train/live/069/069-2-1-1-1.mov 069
Train/live/069/069-2-1-1-2.mov 069
Train/live/069/069-2-1-2-1.mov 069
Train/live/069/069-2-1-2-2.mov 069
Train/live/070/070-1-1-1-1.mov 070
Train/live/070/070-1-1-1-2.mov 070
Train/live/070/070-1-1-2-1.mov 070
Train/live/070/070-1-1-2-2.mov 070
Train/live/070/070-2-1-1-1.mov 070
Train/live/070/070-2-1-1-2.mov 070
Train/live/070/070-2-1-2-1.mov 070
Train/live/070/070-2-1-2-2.mov 070
Train/live/072/072-1-1-1-1.mov 072
Train/live/072/072-1-1-1-2.mov 072
Train/live/072/072-1-1-2-1.mov 072
Train/live/072/072-1-1-2-2.mov 072
Train/live/072/072-2-1-1-1.mov 072
Train/live/072/072-2-1-1-2.mov 072
Train/live/072/072-2-1-2-1.mov 072
Train/live/072/072-2-1-2-2.mov 072
Train/live/074/074-1-1-1-1.mov 074
Train/live/074/074-1-1-1-2.mov 074
Train/live/074/074-1-1-2-1.mov 074
Train/live/074/074-1-1-2-2.mov 074
Train/live/074/074-2-1-1-1.mov 074
Train/live/074/074-2-1-1-2.mov 074
Train/live/074/074-2-1-2-1.mov 074
Train/live/074/074-2-1-2-2.mov 074
Train/live/076/076-1-1-1-1.mov 076
Train/live/076/076-1-1-1-2.mov 076
Train/live/076/076-1-1-2-1.mov 076
Train/live/076/076-1-1-2-2.mov 076
Train/live/076/076-2-1-1-1.mov 076
Train/live/076/076-2-1-1-2.mov 076
Train/live/076/076-2-1-2-1.mov 076
Train/live/076/076-2-1-2-2.mov 076
Train/live/077/077-1-1-1-1.mov 077
Train/live/077/077-1-1-1-2.mov 077
Train/live/077/077-1-1-2-1.mov 077
Train/live/077/077-1-1-2-2.mov 077
Train/live/077/077-2-1-1-1.mov 077
Train/live/077/077-2-1-1-2.mov 077
Train/live/077/077-2-1-2-1.mov 077
Train/live/077/077-2-1-2-2.mov 077
Train/live/078/078-1-1-1-1.mov 078
Train/live/078/078-1-1-1-2.mov 078
Train/live/078/078-1-1-2-1.mov 078
Train/live/078/078-1-1-2-2.mov 078
Train/live/078/078-2-1-1-1.mov 078
Train/live/078/078-2-1-1-2.mov 078
Train/live/078/078-2-1-2-1.mov 078
Train/live/078/078-2-1-2-2.mov 078
Train/live/080/080-1-1-1-1.mov 080
Train/live/080/080-1-1-1-2.mov 080
Train/live/080/080-1-1-2-1.mov 080
Train/live/080/080-1-1-2-2.mov 080
Train/live/080/080-2-1-1-1.mov 080
Train/live/080/080-2-1-1-2.mov 080
Train/live/080/080-2-1-2-1.mov 080
Train/live/080/080-2-1-2-2.mov 080
Train/live/081/081-1-1-1-1.mov 081
Train/live/081/081-1-1-1-2.mov 081
Train/live/081/081-1-1-2-1.mov 081
Train/live/081/081-1-1-2-2.mov 081
Train/live/081/081-2-1-1-1.mov 081
Train/live/081/081-2-1-1-2.mov 081
Train/live/081/081-2-1-2-1.mov 081
Train/live/081/081-2-1-2-2.mov 081
Train/live/086/086-1-1-1-1.mov 086
Train/live/086/086-1-1-1-2.mov 086
Train/live/086/086-1-1-2-1.mov 086
Train/live/086/086-1-1-2-2.mov 086
Train/live/086/086-2-1-1-1.mov 086
Train/live/086/086-2-1-1-2.mov 086
Train/live/086/086-2-1-2-1.mov 086
Train/live/086/086-2-1-2-2.mov 086
Train/live/089/089-1-1-1-1.mov 089
Train/live/089/089-1-1-1-2.mov 089
Train/live/089/089-1-1-2-1.mov 089
Train/live/089/089-1-1-2-2.mov 089
Train/live/089/089-2-1-1-1.mov 089
Train/live/089/089-2-1-1-2.mov 089
Train/live/089/089-2-1-2-1.mov 089
Train/live/089/089-2-1-2-2.mov 089
Train/live/091/091-1-1-1-1.mov 091
Train/live/091/091-1-1-1-2.mov 091
Train/live/091/091-1-1-2-1.mov 091
Train/live/091/091-1-1-2-2.mov 091
Train/live/091/091-2-1-1-1.mov 091
Train/live/091/091-2-1-1-2.mov 091
Train/live/091/091-2-1-2-1.mov 091
Train/live/091/091-2-1-2-2.mov 091
Train/live/092/092-1-1-1-1.mov 092
Train/live/092/092-1-1-1-2.mov 092
Train/live/092/092-1-1-2-1.mov 092
Train/live/092/092-1-1-2-2.mov 092
Train/live/092/092-2-1-1-1.mov 092
Train/live/092/092-2-1-1-2.mov 092
Train/live/092/092-2-1-2-1.mov 092
Train/live/092/092-2-1-2-2.mov 092
Train/live/093/093-1-1-1-1.mov 093
Train/live/093/093-1-1-1-2.mov 093
Train/live/093/093-1-1-2-1.mov 093
Train/live/093/093-1-1-2-2.mov 093
Train/live/093/093-2-1-1-1.mov 093
Train/live/093/093-2-1-1-2.mov 093
Train/live/093/093-2-1-2-1.mov 093
Train/live/093/093-2-1-2-2.mov 093
Train/live/096/096-1-1-1-1.mov 096
Train/live/096/096-1-1-1-2.mov 096
Train/live/096/096-1-1-2-1.mov 096
Train/live/096/096-1-1-2-2.mov 096
Train/live/096/096-2-1-1-1.mov 096
Train/live/096/096-2-1-1-2.mov 096
Train/live/096/096-2-1-2-1.mov 096
Train/live/096/096-2-1-2-2.mov 096
Train/live/098/098-1-1-1-1.mov 098
Train/live/098/098-1-1-1-2.mov 098
Train/live/098/098-1-1-2-1.mov 098
Train/live/098/098-1-1-2-2.mov 098
Train/live/098/098-2-1-1-1.mov 098
Train/live/098/098-2-1-1-2.mov 098
Train/live/098/098-2-1-2-1.mov 098
Train/live/098/098-2-1-2-2.mov 098
Train/live/099/099-1-1-1-1.mov 099
Train/live/099/099-1-1-1-2.mov 099
Train/live/099/099-1-1-2-1.mov 099
Train/live/099/099-1-1-2-2.mov 099
Train/live/099/099-2-1-1-1.mov 099
Train/live/099/099-2-1-1-2.mov 099
Train/live/099/099-2-1-2-1.mov 099
Train/live/099/099-2-1-2-2.mov 099
Train/live/100/100-1-1-1-1.mov 100
Train/live/100/100-1-1-1-2.mov 100
Train/live/100/100-1-1-2-1.mov 100
Train/live/100/100-1-1-2-2.mov 100
Train/live/100/100-2-1-1-1.mov 100
Train/live/100/100-2-1-1-2.mov 100
Train/live/100/100-2-1-2-1.mov 100
Train/live/100/100-2-1-2-2.mov 100
Train/live/101/101-1-1-1-1.mov 101
Train/live/101/101-1-1-1-2.mov 101
Train/live/101/101-1-1-2-1.mov 101
Train/live/101/101-1-1-2-2.mov 101
Train/live/101/101-2-1-1-1.mov 101
Train/live/101/101-2-1-1-2.mov 101
Train/live/101/101-2-1-2-1.mov 101
Train/live/101/101-2-1-2-2.mov 101
Train/live/103/103-1-1-1-1.mov 103
Train/live/103/103-1-1-1-2.mov 103
Train/live/103/103-1-1-2-1.mov 103
Train/live/103/103-1-1-2-2.mov 103
Train/live/103/103-2-1-1-1.mov 103
Train/live/103/103-2-1-1-2.mov 103
Train/live/103/103-2-1-2-1.mov 103
Train/live/103/103-2-1-2-2.mov 103
Train/live/104/104-1-1-1-1.mov 104
Train/live/104/104-1-1-1-2.mov 104
Train/live/104/104-1-1-2-1.mov 104
Train/live/104/104-1-1-2-2.mov 104
Train/live/104/104-2-1-1-1.mov 104
Train/live/104/104-2-1-1-2.mov 104
Train/live/104/104-2-1-2-1.mov 104
Train/live/104/104-2-1-2-2.mov 104
Train/live/105/105-1-1-1-1.mov 105
Train/live/105/105-1-1-1-2.mov 105
Train/live/105/105-1-1-2-1.mov 105
Train/live/105/105-1-1-2-2.mov 105
Train/live/105/105-2-1-1-1.mov 105
Train/live/105/105-2-1-1-2.mov 105
Train/live/105/105-2-1-2-1.mov 105
Train/live/105/105-2-1-2-2.mov 105
Train/live/107/107-1-1-1-1.mov 107
Train/live/107/107-1-1-1-2.mov 107
Train/live/107/107-1-1-2-1.mov 107
Train/live/107/107-1-1-2-2.mov 107
Train/live/107/107-2-1-1-1.mov 107
Train/live/107/107-2-1-1-2.mov 107
Train/live/107/107-2-1-2-1.mov 107
Train/live/107/107-2-1-2-2.mov 107
Train/live/111/111-1-1-1-1.mov 111
Train/live/111/111-1-1-1-2.mov 111
Train/live/111/111-1-1-2-1.mov 111
Train/live/111/111-1-1-2-2.mov 111
Train/live/111/111-2-1-1-1.mov 111
Train/live/111/111-2-1-1-2.mov 111
Train/live/111/111-2-1-2-1.mov 111
Train/live/111/111-2-1-2-2.mov 111
Train/live/112/112-1-1-1-1.mov 112
Train/live/112/112-1-1-1-2.mov 112
Train/live/112/112-1-1-2-1.mov 112
Train/live/112/112-1-1-2-2.mov 112
Train/live/112/112-2-1-1-1.mov 112
Train/live/112/112-2-1-1-2.mov 112
Train/live/112/112-2-1-2-1.mov 112
Train/live/112/112-2-1-2-2.mov 112
Train/live/113/113-1-1-1-1.mov 113
Train/live/113/113-1-1-1-2.mov 113
Train/live/113/113-1-1-2-1.mov 113
Train/live/113/113-1-1-2-2.mov 113
Train/live/113/113-2-1-1-1.mov 113
Train/live/113/113-2-1-1-2.mov 113
Train/live/113/113-2-1-2-1.mov 113
Train/live/113/113-2-1-2-2.mov 113
Train/live/115/115-1-1-1-1.mov 115
Train/live/115/115-1-1-1-2.mov 115
Train/live/115/115-1-1-2-1.mov 115
Train/live/115/115-1-1-2-2.mov 115
Train/live/115/115-2-1-1-1.mov 115
Train/live/115/115-2-1-1-2.mov 115
Train/live/115/115-2-1-2-1.mov 115
Train/live/115/115-2-1-2-2.mov 115
Train/live/117/117-1-1-1-1.mov 117
Train/live/117/117-1-1-1-2.mov 117
Train/live/117/117-1-1-2-1.mov 117
Train/live/117/117-1-1-2-2.mov 117
Train/live/117/117-2-1-1-1.mov 117
Train/live/117/117-2-1-1-2.mov 117
Train/live/117/117-2-1-2-1.mov 117
Train/live/117/117-2-1-2-2.mov 117
Train/live/119/119-1-1-1-1.mov 119
Train/live/119/119-1-1-1-2.mov 119
Train/live/119/119-1-1-2-1.mov 119
Train/live/119/119-1-1-2-2.mov 119
Train/live/119/119-2-1-1-1.mov 119
Train/live/119/119-2-1-1-2.mov 119
Train/live/119/119-2-1-2-1.mov 119
Train/live/119/119-2-1-2-2.mov 119
Train/live/120/120-1-1-1-1.mov 120
Train/live/120/120-1-1-1-2.mov 120
Train/live/120/120-1-1-2-1.mov 120
Train/live/120/120-1-1-2-2.mov 120
Train/live/120/120-2-1-1-1.mov 120
Train/live/120/120-2-1-1-2.mov 120
Train/live/120/120-2-1-2-1.mov 120
Train/live/120/120-2-1-2-2.mov 120
Train/live/121/121-1-1-1-1.mov 121
Train/live/121/121-1-1-1-2.mov 121
Train/live/121/121-1-1-2-1.mov 121
Train/live/121/121-1-1-2-2.mov 121
Train/live/121/121-2-1-1-1.mov 121
Train/live/121/121-2-1-1-2.mov 121
Train/live/121/121-2-1-2-1.mov 121
Train/live/121/121-2-1-2-2.mov 121
Train/live/123/123-1-1-1-1.mov 123
Train/live/123/123-1-1-1-2.mov 123
Train/live/123/123-1-1-2-1.mov 123
Train/live/123/123-1-1-2-2.mov 123
Train/live/123/123-2-1-1-1.mov 123
Train/live/123/123-2-1-1-2.mov 123
Train/live/123/123-2-1-2-1.mov 123
Train/live/123/123-2-1-2-2.mov 123
Train/live/127/127-1-1-1-1.mov 127
Train/live/127/127-1-1-1-2.mov 127
Train/live/127/127-1-1-2-1.mov 127
Train/live/127/127-1-1-2-2.mov 127
Train/live/127/127-2-1-1-1.mov 127
Train/live/127/127-2-1-1-2.mov 127
Train/live/127/127-2-1-2-1.mov 127
Train/live/127/127-2-1-2-2.mov 127
Train/live/128/128-1-1-1-1.mov 128
Train/live/128/128-1-1-1-2.mov 128
Train/live/128/128-1-1-2-1.mov 128
Train/live/128/128-1-1-2-2.mov 128
Train/live/128/128-2-1-1-1.mov 128
Train/live/128/128-2-1-1-2.mov 128
Train/live/128/128-2-1-2-1.mov 128
Train/live/128/128-2-1-2-2.mov 128
Train/live/129/129-1-1-1-1.mov 129
Train/live/129/129-1-1-1-2.mov 129
Train/live/129/129-1-1-2-1.mov 129
Train/live/129/129-1-1-2-2.mov 129
Train/live/129/129-2-1-1-1.mov 129
Train/live/129/129-2-1-1-2.mov 129
Train/live/129/129-2-1-2-1.mov 129
Train/live/129/129-2-1-2-2.mov 129
Train/live/131/131-1-1-1-1.mov 131
Train/live/131/131-1-1-1-2.mov 131
Train/live/131/131-1-1-2-1.mov 131
Train/live/131/131-1-1-2-2.mov 131
Train/live/131/131-2-1-1-1.mov 131
Train/live/131/131-2-1-1-2.mov 131
Train/live/131/131-2-1-2-1.mov 131
Train/live/131/131-2-1-2-2.mov 131
Train/live/133/133-1-1-1-1.mov 133
Train/live/133/133-1-1-1-2.mov 133
Train/live/133/133-1-1-2-1.mov 133
Train/live/133/133-1-1-2-2.mov 133
Train/live/133/133-2-1-1-1.mov 133
Train/live/133/133-2-1-1-2.mov 133
Train/live/133/133-2-1-2-1.mov 133
Train/live/133/133-2-1-2-2.mov 133
Train/live/134/134-1-1-1-1.mov 134
Train/live/134/134-1-1-1-2.mov 134
Train/live/134/134-1-1-2-1.mov 134
Train/live/134/134-1-1-2-2.mov 134
Train/live/134/134-2-1-1-1.mov 134
Train/live/134/134-2-1-1-2.mov 134
Train/live/134/134-2-1-2-1.mov 134
Train/live/134/134-2-1-2-2.mov 134
Train/live/135/135-1-1-1-1.mov 135
Train/live/135/135-1-1-1-2.mov 135
Train/live/135/135-1-1-2-1.mov 135
Train/live/135/135-1-1-2-2.mov 135
Train/live/135/135-2-1-1-1.mov 135
Train/live/135/135-2-1-1-2.mov 135
Train/live/135/135-2-1-2-1.mov 135
Train/live/135/135-2-1-2-2.mov 135
Train/live/136/136-1-1-1-1.mov 136
Train/live/136/136-1-1-1-2.mov 136
Train/live/136/136-1-1-2-1.mov 136
Train/live/136/136-1-1-2-2.mov 136
Train/live/136/136-2-1-1-1.mov 136
Train/live/136/136-2-1-1-2.mov 136
Train/live/136/136-2-1-2-1.mov 136
Train/live/136/136-2-1-2-2.mov 136
Train/live/140/140-1-1-1-1.mov 140
Train/live/140/140-1-1-1-2.mov 140
Train/live/140/140-1-1-2-1.mov 140
Train/live/140/140-1-1-2-2.mov 140
Train/live/140/140-2-1-1-1.mov 140
Train/live/140/140-2-1-1-2.mov 140
Train/live/140/140-2-1-2-1.mov 140
Train/live/140/140-2-1-2-2.mov 140
Train/live/143/143-1-1-1-1.mov 143
Train/live/143/143-1-1-1-2.mov 143
Train/live/143/143-1-1-2-1.mov 143
Train/live/143/143-1-1-2-2.mov 143
Train/live/143/143-2-1-1-1.mov 143
Train/live/143/143-2-1-1-2.mov 143
Train/live/143/143-2-1-2-1.mov 143
Train/live/143/143-2-1-2-2.mov 143
Train/live/144/144-1-1-1-1.mov 144
Train/live/144/144-1-1-1-2.mov 144
Train/live/144/144-1-1-2-1.mov 144
Train/live/144/144-1-1-2-2.mov 144
Train/live/144/144-2-1-1-1.mov 144
Train/live/144/144-2-1-1-2.mov 144
Train/live/144/144-2-1-2-1.mov 144
Train/live/144/144-2-1-2-2.mov 144
Train/live/145/145-1-1-1-1.mov 145
Train/live/145/145-1-1-1-2.mov 145
Train/live/145/145-1-1-2-1.mov 145
Train/live/145/145-1-1-2-2.mov 145
Train/live/145/145-2-1-1-1.mov 145
Train/live/145/145-2-1-1-2.mov 145
Train/live/145/145-2-1-2-1.mov 145
Train/live/145/145-2-1-2-2.mov 145
Train/live/146/146-1-1-1-1.mov 146
Train/live/146/146-1-1-1-2.mov 146
Train/live/146/146-1-1-2-1.mov 146
Train/live/146/146-1-1-2-2.mov 146
Train/live/146/146-2-1-1-1.mov 146
Train/live/146/146-2-1-1-2.mov 146
Train/live/146/146-2-1-2-1.mov 146
Train/live/146/146-2-1-2-2.mov 146
Train/live/147/147-1-1-1-1.mov 147
Train/live/147/147-1-1-1-2.mov 147
Train/live/147/147-1-1-2-1.mov 147
Train/live/147/147-1-1-2-2.mov 147
Train/live/147/147-2-1-1-1.mov 147
Train/live/147/147-2-1-1-2.mov 147
Train/live/147/147-2-1-2-1.mov 147
Train/live/147/147-2-1-2-2.mov 147
Train/live/148/148-1-1-1-1.mov 148
Train/live/148/148-1-1-1-2.mov 148
Train/live/148/148-1-1-2-1.mov 148
Train/live/148/148-1-1-2-2.mov 148
Train/live/148/148-2-1-1-1.mov 148
Train/live/148/148-2-1-1-2.mov 148
Train/live/148/148-2-1-2-1.mov 148
Train/live/148/148-2-1-2-2.mov 148
Train/live/149/149-1-1-1-1.mov 149
Train/live/149/149-1-1-1-2.mov 149
Train/live/149/149-1-1-2-1.mov 149
Train/live/149/149-1-1-2-2.mov 149
Train/live/149/149-2-1-1-1.mov 149
Train/live/149/149-2-1-1-2.mov 149
Train/live/149/149-2-1-2-1.mov 149
Train/live/149/149-2-1-2-2.mov 149
Train/live/150/150-1-1-1-1.mov 150
Train/live/150/150-1-1-1-2.mov 150
Train/live/150/150-1-1-2-1.mov 150
Train/live/150/150-1-1-2-2.mov 150
Train/live/150/150-2-1-1-1.mov 150
Train/live/150/150-2-1-1-2.mov 150
Train/live/150/150-2-1-2-1.mov 150
Train/live/150/150-2-1-2-2.mov 150
Train/live/151/151-1-1-1-1.mov 151
Train/live/151/151-1-1-1-2.mov 151
Train/live/151/151-1-1-2-1.mov 151
Train/live/151/151-1-1-2-2.mov 151
Train/live/151/151-2-1-1-1.mov 151
Train/live/151/151-2-1-1-2.mov 151
Train/live/151/151-2-1-2-1.mov 151
Train/live/151/151-2-1-2-2.mov 151
Train/live/152/152-1-1-1-1.mov 152
Train/live/152/152-1-1-1-2.mov 152
Train/live/152/152-1-1-2-1.mov 152
Train/live/152/152-1-1-2-2.mov 152
Train/live/152/152-2-1-1-1.mov 152
Train/live/152/152-2-1-1-2.mov 152
Train/live/152/152-2-1-2-1.mov 152
Train/live/152/152-2-1-2-2.mov 152
Train/live/155/155-1-1-1-1.mov 155
Train/live/155/155-1-1-1-2.mov 155
Train/live/155/155-1-1-2-1.mov 155
Train/live/155/155-1-1-2-2.mov 155
Train/live/155/155-2-1-1-1.mov 155
Train/live/155/155-2-1-1-2.mov 155
Train/live/155/155-2-1-2-1.mov 155
Train/live/155/155-2-1-2-2.mov 155
Train/live/156/156-1-1-1-1.mov 156
Train/live/156/156-1-1-1-2.mov 156
Train/live/156/156-1-1-2-1.mov 156
Train/live/156/156-1-1-2-2.mov 156
Train/live/156/156-2-1-1-1.mov 156
Train/live/156/156-2-1-1-2.mov 156
Train/live/156/156-2-1-2-1.mov 156
Train/live/156/156-2-1-2-2.mov 156
Train/live/157/157-1-1-1-1.mov 157
Train/live/157/157-1-1-1-2.mov 157
Train/live/157/157-1-1-2-1.mov 157
Train/live/157/157-1-1-2-2.mov 157
Train/live/157/157-2-1-1-1.mov 157
Train/live/157/157-2-1-1-2.mov 157
Train/live/157/157-2-1-2-1.mov 157
Train/live/157/157-2-1-2-2.mov 157
Train/live/159/159-1-1-1-1.mov 159
Train/live/159/159-1-1-1-2.mov 159
Train/live/159/159-1-1-2-1.mov 159
Train/live/159/159-1-1-2-2.mov 159
Train/live/159/159-2-1-1-1.mov 159
Train/live/159/159-2-1-1-2.mov 159
Train/live/159/159-2-1-2-1.mov 159
Train/live/159/159-2-1-2-2.mov 159
Train/live/160/160-1-1-1-1.mov 160
Train/live/160/160-1-1-1-2.mov 160
Train/live/160/160-1-1-2-1.mov 160
Train/live/160/160-1-1-2-2.mov 160
Train/live/160/160-2-1-1-1.mov 160
Train/live/160/160-2-1-1-2.mov 160
Train/live/160/160-2-1-2-1.mov 160
Train/live/160/160-2-1-2-2.mov 160
Train/live/162/162-1-1-1-1.mov 162
Train/live/162/162-1-1-1-2.mov 162
Train/live/162/162-1-1-2-1.mov 162
Train/live/162/162-1-1-2-2.mov 162
Train/live/162/162-2-1-1-1.mov 162
Train/live/162/162-2-1-1-2.mov 162
Train/live/162/162-2-1-2-1.mov 162
Train/live/162/162-2-1-2-2.mov 162
Train/live/163/163-1-1-1-1.mov 163
Train/live/163/163-1-1-1-2.mov 163
Train/live/163/163-1-1-2-1.mov 163
Train/live/163/163-1-1-2-2.mov 163
Train/live/163/163-2-1-1-1.mov 163
Train/live/163/163-2-1-1-2.mov 163
Train/live/163/163-2-1-2-1.mov 163
Train/live/163/163-2-1-2-2.mov 163
Train/live/164/164-1-1-1-1.mov 164
Train/live/164/164-1-1-1-2.mov 164
Train/live/164/164-1-1-2-1.mov 164
Train/live/164/164-1-1-2-2.mov 164
Train/live/164/164-2-1-1-1.mov 164
Train/live/164/164-2-1-1-2.mov 164
Train/live/164/164-2-1-2-1.mov 164
Train/live/164/164-2-1-2-2.mov 164
Train/live/165/165-1-1-1-1.mov 165
Train/live/165/165-1-1-1-2.mov 165
Train/live/165/165-1-1-2-1.mov 165
Train/live/165/165-1-1-2-2.mov 165
Train/live/165/165-2-1-1-1.mov 165
Train/live/165/165-2-1-1-2.mov 165
Train/live/165/165-2-1-2-1.mov 165
Train/live/165/165-2-1-2-2.mov 165
